*******************************************************************
* Genome-wide Complex Trait Analysis (GCTA)
* version v1.94.1 Linux
* Built at Nov 15 2022 21:14:25, by GCC 8.5
* (C) 2010-present, Yang Lab, Westlake University
* Please report bugs to Jian Yang <jian.yang@westlake.edu.cn>
*******************************************************************
Analysis started at 09:42:23 GMT on Fri Dec 08 2023.
Hostname: cpu-p-322

Options: 
 
--fastGWA-mlm 
--mbfile /home/hpcwan1/rds/hpc-work/project/gwas_fg/data/genetics_data/Fast_GWAS_pathfile.txt 
--grm-sparse /home/hpcwan1/rds/hpc-work/project/gwas_fg/data/genetics_data/Neuroimaging_samples/sp_grm 
--pheno /home/hpcwan1/rds/hpc-work/project/gwas_fg/results/GWAS/region_g1/r_raw_UKB_forGWAS.txt 
--mpheno 41 
--qcovar /home/hpcwan1/rds/hpc-work/project/gwas_fg/data/genetics_data/WMqcovar.txt 
--covar /home/hpcwan1/rds/hpc-work/project/gwas_fg/data/genetics_data/WMcovardiscrete.txt 
--threads 20 
--out /home/hpcwan1/rds/hpc-work/project/gwas_fg/results/GWAS/region_g1/node_40/r_raw_UKB_GWAS_auto_node40 

The program will be running with up to 20 threads.
Reading PLINK sample file from [/home/hpcwan1/rds/hpc-work/project/gwas_fg/data/genetics_data/Neuroimaging_samples/ukbchr_v2_r2correct_v2_1.fam]...
31797 individuals to be included from the sample file.
Checking other sample files...
  All the files checked are OK.
Reading phenotype data from [/home/hpcwan1/rds/hpc-work/project/gwas_fg/results/GWAS/region_g1/r_raw_UKB_forGWAS.txt]...
19564 overlapping individuals with non-missing data to be included from the phenotype file.
19564 individuals to be included. 9768 males, 9796 females, 0 unknown.
Reading PLINK BIM file from [/home/hpcwan1/rds/hpc-work/project/gwas_fg/data/genetics_data/Neuroimaging_samples/ukbchr_v2_r2correct_v2_1.bim]...
1263308 SNPs to be included from BIM file(s).
Reading PLINK BIM file from [/home/hpcwan1/rds/hpc-work/project/gwas_fg/data/genetics_data/Neuroimaging_samples/ukbchr_v2_r2correct_v2_2.bim]...
2620714 SNPs to be included from BIM file(s).
Reading PLINK BIM file from [/home/hpcwan1/rds/hpc-work/project/gwas_fg/data/genetics_data/Neuroimaging_samples/ukbchr_v2_r2correct_v2_3.bim]...
3755293 SNPs to be included from BIM file(s).
Reading PLINK BIM file from [/home/hpcwan1/rds/hpc-work/project/gwas_fg/data/genetics_data/Neuroimaging_samples/ukbchr_v2_r2correct_v2_4.bim]...
4912427 SNPs to be included from BIM file(s).
Reading PLINK BIM file from [/home/hpcwan1/rds/hpc-work/project/gwas_fg/data/genetics_data/Neuroimaging_samples/ukbchr_v2_r2correct_v2_5.bim]...
5944879 SNPs to be included from BIM file(s).
Reading PLINK BIM file from [/home/hpcwan1/rds/hpc-work/project/gwas_fg/data/genetics_data/Neuroimaging_samples/ukbchr_v2_r2correct_v2_6.bim]...
6994439 SNPs to be included from BIM file(s).
Reading PLINK BIM file from [/home/hpcwan1/rds/hpc-work/project/gwas_fg/data/genetics_data/Neuroimaging_samples/ukbchr_v2_r2correct_v2_7.bim]...
7933805 SNPs to be included from BIM file(s).
Reading PLINK BIM file from [/home/hpcwan1/rds/hpc-work/project/gwas_fg/data/genetics_data/Neuroimaging_samples/ukbchr_v2_r2correct_v2_8.bim]...
8819258 SNPs to be included from BIM file(s).
Reading PLINK BIM file from [/home/hpcwan1/rds/hpc-work/project/gwas_fg/data/genetics_data/Neuroimaging_samples/ukbchr_v2_r2correct_v2_9.bim]...
9511308 SNPs to be included from BIM file(s).
Reading PLINK BIM file from [/home/hpcwan1/rds/hpc-work/project/gwas_fg/data/genetics_data/Neuroimaging_samples/ukbchr_v2_r2correct_v2_10.bim]...
10318751 SNPs to be included from BIM file(s).
Reading PLINK BIM file from [/home/hpcwan1/rds/hpc-work/project/gwas_fg/data/genetics_data/Neuroimaging_samples/ukbchr_v2_r2correct_v2_11.bim]...
11105282 SNPs to be included from BIM file(s).
Reading PLINK BIM file from [/home/hpcwan1/rds/hpc-work/project/gwas_fg/data/genetics_data/Neuroimaging_samples/ukbchr_v2_r2correct_v2_12.bim]...
11870800 SNPs to be included from BIM file(s).
Reading PLINK BIM file from [/home/hpcwan1/rds/hpc-work/project/gwas_fg/data/genetics_data/Neuroimaging_samples/ukbchr_v2_r2correct_v2_13.bim]...
12450029 SNPs to be included from BIM file(s).
Reading PLINK BIM file from [/home/hpcwan1/rds/hpc-work/project/gwas_fg/data/genetics_data/Neuroimaging_samples/ukbchr_v2_r2correct_v2_14.bim]...
12972984 SNPs to be included from BIM file(s).
Reading PLINK BIM file from [/home/hpcwan1/rds/hpc-work/project/gwas_fg/data/genetics_data/Neuroimaging_samples/ukbchr_v2_r2correct_v2_15.bim]...
13435085 SNPs to be included from BIM file(s).
Reading PLINK BIM file from [/home/hpcwan1/rds/hpc-work/project/gwas_fg/data/genetics_data/Neuroimaging_samples/ukbchr_v2_r2correct_v2_16.bim]...
13945292 SNPs to be included from BIM file(s).
Reading PLINK BIM file from [/home/hpcwan1/rds/hpc-work/project/gwas_fg/data/genetics_data/Neuroimaging_samples/ukbchr_v2_r2correct_v2_17.bim]...
14392996 SNPs to be included from BIM file(s).
Reading PLINK BIM file from [/home/hpcwan1/rds/hpc-work/project/gwas_fg/data/genetics_data/Neuroimaging_samples/ukbchr_v2_r2correct_v2_18.bim]...
14848032 SNPs to be included from BIM file(s).
Reading PLINK BIM file from [/home/hpcwan1/rds/hpc-work/project/gwas_fg/data/genetics_data/Neuroimaging_samples/ukbchr_v2_r2correct_v2_19.bim]...
15222055 SNPs to be included from BIM file(s).
Reading PLINK BIM file from [/home/hpcwan1/rds/hpc-work/project/gwas_fg/data/genetics_data/Neuroimaging_samples/ukbchr_v2_r2correct_v2_20.bim]...
15578065 SNPs to be included from BIM file(s).
Reading PLINK BIM file from [/home/hpcwan1/rds/hpc-work/project/gwas_fg/data/genetics_data/Neuroimaging_samples/ukbchr_v2_r2correct_v2_21.bim]...
15795966 SNPs to be included from BIM file(s).
Reading PLINK BIM file from [/home/hpcwan1/rds/hpc-work/project/gwas_fg/data/genetics_data/Neuroimaging_samples/ukbchr_v2_r2correct_v2_22.bim]...
16018073 SNPs to be included from BIM file(s).
Reading PLINK BIM file from [/home/hpcwan1/rds/hpc-work/project/gwas_fg/data/genetics_data/Neuroimaging_samples/ukbchr_v2_r2correct_X.bim]...
16346495 SNPs to be included from BIM file(s).
Reading quantitative covariates from [/home/hpcwan1/rds/hpc-work/project/gwas_fg/data/genetics_data/WMqcovar.txt].
47 covariates of 31797 samples to be included.
Reading discrete covariates from [/home/hpcwan1/rds/hpc-work/project/gwas_fg/data/genetics_data/WMcovardiscrete.txt].
2 covariates of 31797 samples to be included.
47 qcovar, 2 covar and 0 rcovar to be included.
31797 common individuals among the covariate files to be included.
19564 overlapping individuals with non-missing data to be included from the covariate file(s).
Reading the sparse GRM file from [/home/hpcwan1/rds/hpc-work/project/gwas_fg/data/genetics_data/Neuroimaging_samples/sp_grm]...
After matching all the files, 19564 individuals to be included in the analysis.
Estimating the genetic variance (Vg) by fastGWA-REML (grid search)...
Iteration 1, step size: 3.50194e-05, logL: 50123.2. Vg: 0.000945522, searching range: 0.000910503 to 0.000980542
Iteration 2, step size: 4.66925e-06, logL: 50123.2. Vg: 0.000938519, searching range: 0.000933849 to 0.000943188
Iteration 3, step size: 6.22566e-07, logL: 50123.2. Vg: 0.000939452, searching range: 0.00093883 to 0.000940075
Iteration 4, step size: 8.30088e-08, logL: 50123.2. Vg: 0.000939245, searching range: 0.000939162 to 0.000939328
Iteration 5, step size: 1.10678e-08, logL: 50123.2. Vg: 0.000939262, searching range: 0.00093925 to 0.000939273
Iteration 6, step size: 1.47571e-09, logL: 50123.2. Vg: 0.000939268, searching range: 0.000939267 to 0.00093927
Iteration 7, step size: 1.96762e-10, logL: 50123.2. Vg: 0.000939267, searching range: 0.000939267 to 0.000939267
Iteration 8, step size: 2.62349e-11, logL: 50123.2. Vg: 0.000939267, searching range: 0.000939267 to 0.000939267
Iteration 9, step size: 3.49799e-12, logL: 50123.2. Vg: 0.000939267, searching range: 0.000939267 to 0.000939267
Iteration 10, step size: 4.66398e-13, logL: 50123.2. Vg: 0.000939267, searching range: 0.000939267 to 0.000939267
Iteration 11, step size: 6.21864e-14, logL: 50123.2. Vg: 0.000939267, searching range: 0.000939267 to 0.000939267
Iteration 12, step size: 8.29152e-15, logL: 50123.2. Vg: 0.000939267, searching range: 0.000939267 to 0.000939267
Iteration 13, step size: 1.10554e-15, logL: 50123.2. Vg: 0.000939267, searching range: 0.000939267 to 0.000939267
fastGWA-REML converged.
logL: 50123.2
Sampling variance/covariance of the estimates of Vg and Ve:
1.18088e-07 -1.1771e-07
-1.1771e-07 1.17821e-07

Source	Variance	SE
Vg	0.000939267	0.00034364
Ve	0.00124944	0.000343251
Vp	0.00218871

Heritability = 0.429142 (Pval = 0.00627055)
fastGWA-REML runtime: 0.16511 sec.

Tuning parameters using 2000 null SNPs...
  reading genotypes...
  100% finished in 39.1 sec
2000 SNPs have been processed.
Tuning of Gamma finished at the 1000th SNP.
Mean GRAMMAR-Gamma value = 456.452511
Tuning of Gamma finished 39.2113 seconds.

Performing fastGWA mixed model association analysis...
fastGWA results will be saved in text format to [/home/hpcwan1/rds/hpc-work/project/gwas_fg/results/GWAS/region_g1/node_40/r_raw_UKB_GWAS_auto_node40.fastGWA].
  Filtering out variants with MAF < 0.0001, or customise it with --maf flag.
  Filtering out variants with missingness rate > 0.10, or customise it with --geno flag.
Unexpected PLINK 1 .bed file size (expected 2610954903 bytes).

*******************************************************************
* Genome-wide Complex Trait Analysis (GCTA)
* version v1.94.1 Linux
* Built at Nov 15 2022 21:14:25, by GCC 8.5
* (C) 2010-present, Yang Lab, Westlake University
* Please report bugs to Jian Yang <jian.yang@westlake.edu.cn>
*******************************************************************
Analysis started at 09:46:33 GMT on Fri Dec 08 2023.
Hostname: cpu-p-322

Options: 
 
--fastGWA-mlm 
--mbfile /home/hpcwan1/rds/hpc-work/project/gwas_fg/data/genetics_data/Fast_GWAS_pathfile.txt 
--grm-sparse /home/hpcwan1/rds/hpc-work/project/gwas_fg/data/genetics_data/Neuroimaging_samples/sp_grm 
--pheno /home/hpcwan1/rds/hpc-work/project/gwas_fg/results/GWAS/region_g1/r_raw_UKB_forGWAS.txt 
--mpheno 41 
--qcovar /home/hpcwan1/rds/hpc-work/project/gwas_fg/data/genetics_data/WMqcovar.txt 
--covar /home/hpcwan1/rds/hpc-work/project/gwas_fg/data/genetics_data/WMcovardiscrete.txt 
--threads 20 
--model-only 
--keep /home/hpcwan1/rds/hpc-work/project/gwas_fg/data/genetics_data/Neuroimaging_samples/chrX.idlist 
--out /home/hpcwan1/rds/hpc-work/project/gwas_fg/results/GWAS/region_g1/node_40/r_raw_UKB_GWAS_model_node40 

The program will be running with up to 20 threads.
Reading PLINK sample file from [/home/hpcwan1/rds/hpc-work/project/gwas_fg/data/genetics_data/Neuroimaging_samples/ukbchr_v2_r2correct_v2_1.fam]...
31797 individuals to be included from the sample file.
Checking other sample files...
  All the files checked are OK.
Get 31791 samples from list [/home/hpcwan1/rds/hpc-work/project/gwas_fg/data/genetics_data/Neuroimaging_samples/chrX.idlist].
After keeping individuals, 31791 subjects remain.
Reading phenotype data from [/home/hpcwan1/rds/hpc-work/project/gwas_fg/results/GWAS/region_g1/r_raw_UKB_forGWAS.txt]...
19559 overlapping individuals with non-missing data to be included from the phenotype file.
19559 individuals to be included. 9767 males, 9792 females, 0 unknown.
Reading PLINK BIM file from [/home/hpcwan1/rds/hpc-work/project/gwas_fg/data/genetics_data/Neuroimaging_samples/ukbchr_v2_r2correct_v2_1.bim]...
1263308 SNPs to be included from BIM file(s).
Reading PLINK BIM file from [/home/hpcwan1/rds/hpc-work/project/gwas_fg/data/genetics_data/Neuroimaging_samples/ukbchr_v2_r2correct_v2_2.bim]...
2620714 SNPs to be included from BIM file(s).
Reading PLINK BIM file from [/home/hpcwan1/rds/hpc-work/project/gwas_fg/data/genetics_data/Neuroimaging_samples/ukbchr_v2_r2correct_v2_3.bim]...
3755293 SNPs to be included from BIM file(s).
Reading PLINK BIM file from [/home/hpcwan1/rds/hpc-work/project/gwas_fg/data/genetics_data/Neuroimaging_samples/ukbchr_v2_r2correct_v2_4.bim]...
4912427 SNPs to be included from BIM file(s).
Reading PLINK BIM file from [/home/hpcwan1/rds/hpc-work/project/gwas_fg/data/genetics_data/Neuroimaging_samples/ukbchr_v2_r2correct_v2_5.bim]...
5944879 SNPs to be included from BIM file(s).
Reading PLINK BIM file from [/home/hpcwan1/rds/hpc-work/project/gwas_fg/data/genetics_data/Neuroimaging_samples/ukbchr_v2_r2correct_v2_6.bim]...
6994439 SNPs to be included from BIM file(s).
Reading PLINK BIM file from [/home/hpcwan1/rds/hpc-work/project/gwas_fg/data/genetics_data/Neuroimaging_samples/ukbchr_v2_r2correct_v2_7.bim]...
7933805 SNPs to be included from BIM file(s).
Reading PLINK BIM file from [/home/hpcwan1/rds/hpc-work/project/gwas_fg/data/genetics_data/Neuroimaging_samples/ukbchr_v2_r2correct_v2_8.bim]...
8819258 SNPs to be included from BIM file(s).
Reading PLINK BIM file from [/home/hpcwan1/rds/hpc-work/project/gwas_fg/data/genetics_data/Neuroimaging_samples/ukbchr_v2_r2correct_v2_9.bim]...
9511308 SNPs to be included from BIM file(s).
Reading PLINK BIM file from [/home/hpcwan1/rds/hpc-work/project/gwas_fg/data/genetics_data/Neuroimaging_samples/ukbchr_v2_r2correct_v2_10.bim]...
10318751 SNPs to be included from BIM file(s).
Reading PLINK BIM file from [/home/hpcwan1/rds/hpc-work/project/gwas_fg/data/genetics_data/Neuroimaging_samples/ukbchr_v2_r2correct_v2_11.bim]...
11105282 SNPs to be included from BIM file(s).
Reading PLINK BIM file from [/home/hpcwan1/rds/hpc-work/project/gwas_fg/data/genetics_data/Neuroimaging_samples/ukbchr_v2_r2correct_v2_12.bim]...
11870800 SNPs to be included from BIM file(s).
Reading PLINK BIM file from [/home/hpcwan1/rds/hpc-work/project/gwas_fg/data/genetics_data/Neuroimaging_samples/ukbchr_v2_r2correct_v2_13.bim]...
12450029 SNPs to be included from BIM file(s).
Reading PLINK BIM file from [/home/hpcwan1/rds/hpc-work/project/gwas_fg/data/genetics_data/Neuroimaging_samples/ukbchr_v2_r2correct_v2_14.bim]...
12972984 SNPs to be included from BIM file(s).
Reading PLINK BIM file from [/home/hpcwan1/rds/hpc-work/project/gwas_fg/data/genetics_data/Neuroimaging_samples/ukbchr_v2_r2correct_v2_15.bim]...
13435085 SNPs to be included from BIM file(s).
Reading PLINK BIM file from [/home/hpcwan1/rds/hpc-work/project/gwas_fg/data/genetics_data/Neuroimaging_samples/ukbchr_v2_r2correct_v2_16.bim]...
13945292 SNPs to be included from BIM file(s).
Reading PLINK BIM file from [/home/hpcwan1/rds/hpc-work/project/gwas_fg/data/genetics_data/Neuroimaging_samples/ukbchr_v2_r2correct_v2_17.bim]...
14392996 SNPs to be included from BIM file(s).
Reading PLINK BIM file from [/home/hpcwan1/rds/hpc-work/project/gwas_fg/data/genetics_data/Neuroimaging_samples/ukbchr_v2_r2correct_v2_18.bim]...
14848032 SNPs to be included from BIM file(s).
Reading PLINK BIM file from [/home/hpcwan1/rds/hpc-work/project/gwas_fg/data/genetics_data/Neuroimaging_samples/ukbchr_v2_r2correct_v2_19.bim]...
15222055 SNPs to be included from BIM file(s).
Reading PLINK BIM file from [/home/hpcwan1/rds/hpc-work/project/gwas_fg/data/genetics_data/Neuroimaging_samples/ukbchr_v2_r2correct_v2_20.bim]...
15578065 SNPs to be included from BIM file(s).
Reading PLINK BIM file from [/home/hpcwan1/rds/hpc-work/project/gwas_fg/data/genetics_data/Neuroimaging_samples/ukbchr_v2_r2correct_v2_21.bim]...
15795966 SNPs to be included from BIM file(s).
Reading PLINK BIM file from [/home/hpcwan1/rds/hpc-work/project/gwas_fg/data/genetics_data/Neuroimaging_samples/ukbchr_v2_r2correct_v2_22.bim]...
16018073 SNPs to be included from BIM file(s).
Reading PLINK BIM file from [/home/hpcwan1/rds/hpc-work/project/gwas_fg/data/genetics_data/Neuroimaging_samples/ukbchr_v2_r2correct_X.bim]...
16346495 SNPs to be included from BIM file(s).
Reading quantitative covariates from [/home/hpcwan1/rds/hpc-work/project/gwas_fg/data/genetics_data/WMqcovar.txt].
47 covariates of 31797 samples to be included.
Reading discrete covariates from [/home/hpcwan1/rds/hpc-work/project/gwas_fg/data/genetics_data/WMcovardiscrete.txt].
2 covariates of 31797 samples to be included.
47 qcovar, 2 covar and 0 rcovar to be included.
31797 common individuals among the covariate files to be included.
19559 overlapping individuals with non-missing data to be included from the covariate file(s).
Reading the sparse GRM file from [/home/hpcwan1/rds/hpc-work/project/gwas_fg/data/genetics_data/Neuroimaging_samples/sp_grm]...
After matching all the files, 19559 individuals to be included in the analysis.
Estimating the genetic variance (Vg) by fastGWA-REML (grid search)...
Iteration 1, step size: 3.50266e-05, logL: 50108.4. Vg: 0.000945719, searching range: 0.000910692 to 0.000980746
Iteration 2, step size: 4.67022e-06, logL: 50108.4. Vg: 0.000938714, searching range: 0.000934043 to 0.000943384
Iteration 3, step size: 6.22696e-07, logL: 50108.4. Vg: 0.000940893, searching range: 0.00094027 to 0.000941516
Iteration 4, step size: 8.30261e-08, logL: 50108.4. Vg: 0.000940769, searching range: 0.000940686 to 0.000940852
Iteration 5, step size: 1.10701e-08, logL: 50108.4. Vg: 0.000940807, searching range: 0.000940796 to 0.000940818
Iteration 6, step size: 1.47602e-09, logL: 50108.4. Vg: 0.00094081, searching range: 0.000940808 to 0.000940811
Iteration 7, step size: 1.96803e-10, logL: 50108.4. Vg: 0.000940809, searching range: 0.000940809 to 0.000940809
Iteration 8, step size: 2.62403e-11, logL: 50108.4. Vg: 0.000940809, searching range: 0.000940809 to 0.000940809
Iteration 9, step size: 3.49871e-12, logL: 50108.4. Vg: 0.000940809, searching range: 0.000940809 to 0.000940809
Iteration 10, step size: 4.66495e-13, logL: 50108.4. Vg: 0.000940809, searching range: 0.000940809 to 0.000940809
Iteration 11, step size: 6.21993e-14, logL: 50108.4. Vg: 0.000940809, searching range: 0.000940809 to 0.000940809
Iteration 12, step size: 8.29324e-15, logL: 50108.4. Vg: 0.000940809, searching range: 0.000940809 to 0.000940809
Iteration 13, step size: 1.10576e-15, logL: 50108.4. Vg: 0.000940809, searching range: 0.000940809 to 0.000940809
fastGWA-REML converged.
logL: 50108.4
Sampling variance/covariance of the estimates of Vg and Ve:
 1.18106e-07 -1.17726e-07
-1.17726e-07  1.17837e-07

Source	Variance	SE
Vg	0.000940809	0.000343666
Ve	0.00124836	0.000343274
Vp	0.00218916

Heritability = 0.429757 (Pval = 0.00618947)
fastGWA-REML runtime: 0.0919993 sec.

Tuning parameters using 2000 null SNPs...
  reading genotypes...
  100% finished in 0.5 sec
2000 SNPs have been processed.
Tuning of Gamma finished at the 1000th SNP.
Mean GRAMMAR-Gamma value = 456.357891
Tuning of Gamma finished 0.621225 seconds.
Saving fastGWA model information...
Sample information has been saved to [/home/hpcwan1/rds/hpc-work/project/gwas_fg/results/GWAS/region_g1/node_40/r_raw_UKB_GWAS_model_node40.fastGWA.mdl.id].
Model has been saved to [/home/hpcwan1/rds/hpc-work/project/gwas_fg/results/GWAS/region_g1/node_40/r_raw_UKB_GWAS_model_node40.fastGWA.mdl.bin].
Use "--load-model /home/hpcwan1/rds/hpc-work/project/gwas_fg/results/GWAS/region_g1/node_40/r_raw_UKB_GWAS_model_node40.fastGWA" to load the model file for further analysis.
Note: the sample IDs (FID IID) in the model file must also present in the genotype file for further association step.

Analysis finished at 09:47:14 GMT on Fri Dec 08 2023
Overall computational time: 40.99 sec.
*******************************************************************
* Genome-wide Complex Trait Analysis (GCTA)
* version v1.94.1 Linux
* Built at Nov 15 2022 21:14:25, by GCC 8.5
* (C) 2010-present, Yang Lab, Westlake University
* Please report bugs to Jian Yang <jian.yang@westlake.edu.cn>
*******************************************************************
Analysis started at 09:47:14 GMT on Fri Dec 08 2023.
Hostname: cpu-p-322

Options: 
 
--bfile /home/hpcwan1/rds/hpc-work/project/gwas_fg/data/genetics_data/Neuroimaging_samples/ukbchr_v2_r2correct_X 
--load-model /home/hpcwan1/rds/hpc-work/project/gwas_fg/results/GWAS/region_g1/node_40/r_raw_UKB_GWAS_model_node40.fastGWA 
--geno 0.1 
--out /home/hpcwan1/rds/hpc-work/project/gwas_fg/results/GWAS/region_g1/node_40/r_raw_UKB_GWAS_X_node40 
--threads 20 

The program will be running with up to 20 threads.
Reading PLINK FAM file from [/home/hpcwan1/rds/hpc-work/project/gwas_fg/data/genetics_data/Neuroimaging_samples/ukbchr_v2_r2correct_X.fam]...
31791 individuals to be included from FAM file.
31791 individuals to be included. 14962 males, 16829 females, 0 unknown.
Reading PLINK BIM file from [/home/hpcwan1/rds/hpc-work/project/gwas_fg/data/genetics_data/Neuroimaging_samples/ukbchr_v2_r2correct_X.bim]...
328422 SNPs to be included from BIM file(s).
Threshold to filter variants: missingness rate < 0.100000.
Loading saved model file prefixed with [/home/hpcwan1/rds/hpc-work/project/gwas_fg/results/GWAS/region_g1/node_40/r_raw_UKB_GWAS_model_node40.fastGWA]...
Note: phenotype, covariates, sparse GRM and association test methods are included in the model file, thus these flags will be ignored.
  19559 valid individuals to be included.
  loading phenotypes...
  loading covariates...
  loaded successfully.

Performing fastGWA mixed model association analysis...
fastGWA results will be saved in text format to [/home/hpcwan1/rds/hpc-work/project/gwas_fg/results/GWAS/region_g1/node_40/r_raw_UKB_GWAS_X_node40.fastGWA].
  Filtering out variants with MAF < 0.0001, or customise it with --maf flag.
  100% finished in 3.9 sec
328422 SNPs have been processed.
Saved 328422 SNPs.

Analysis finished at 09:47:18 GMT on Fri Dec 08 2023
Overall computational time: 4.28 sec.
Traceback (most recent call last):
  File "/home/hpcwan1/rds/hpc-work/software/anaconda3/envs/GWAS/lib/python3.8/site-packages/pandas/io/formats/csvs.py", line 259, in save
    self._save()
  File "/home/hpcwan1/rds/hpc-work/software/anaconda3/envs/GWAS/lib/python3.8/site-packages/pandas/io/formats/csvs.py", line 264, in _save
    self._save_body()
  File "/home/hpcwan1/rds/hpc-work/software/anaconda3/envs/GWAS/lib/python3.8/site-packages/pandas/io/formats/csvs.py", line 302, in _save_body
    self._save_chunk(start_i, end_i)
  File "/home/hpcwan1/rds/hpc-work/software/anaconda3/envs/GWAS/lib/python3.8/site-packages/pandas/io/formats/csvs.py", line 313, in _save_chunk
    libwriters.write_csv_rows(
  File "pandas/_libs/writers.pyx", line 72, in pandas._libs.writers.write_csv_rows
OSError: [Errno 122] Disk quota exceeded

During handling of the above exception, another exception occurred:

OSError: [Errno 122] Disk quota exceeded

During handling of the above exception, another exception occurred:

Traceback (most recent call last):
  File "/home/hpcwan1/rds/hpc-work/project/gwas_fg/scripts/python/py05_GWAS_auto_X.py", line 11, in <module>
    new.to_csv(output, sep='\t', index=None)
  File "/home/hpcwan1/rds/hpc-work/software/anaconda3/envs/GWAS/lib/python3.8/site-packages/pandas/core/generic.py", line 3772, in to_csv
    return DataFrameRenderer(formatter).to_csv(
  File "/home/hpcwan1/rds/hpc-work/software/anaconda3/envs/GWAS/lib/python3.8/site-packages/pandas/io/formats/format.py", line 1186, in to_csv
    csv_formatter.save()
  File "/home/hpcwan1/rds/hpc-work/software/anaconda3/envs/GWAS/lib/python3.8/site-packages/pandas/io/formats/csvs.py", line 259, in save
    self._save()
  File "/home/hpcwan1/rds/hpc-work/software/anaconda3/envs/GWAS/lib/python3.8/site-packages/pandas/io/common.py", line 138, in __exit__
    self.close()
  File "/home/hpcwan1/rds/hpc-work/software/anaconda3/envs/GWAS/lib/python3.8/site-packages/pandas/io/common.py", line 130, in close
    handle.close()
OSError: [Errno 122] Disk quota exceeded
*******************************************************************
* Genome-wide Complex Trait Analysis (GCTA)
* version v1.94.1 Linux
* Built at Nov 15 2022 21:14:25, by GCC 8.5
* (C) 2010-present, Yang Lab, Westlake University
* Please report bugs to Jian Yang <jian.yang@westlake.edu.cn>
*******************************************************************
Analysis started at 09:47:25 GMT on Fri Dec 08 2023.
Hostname: cpu-p-322

Options: 
 
--fastGWA-mlm 
--mbfile /home/hpcwan1/rds/hpc-work/project/gwas_fg/data/genetics_data/Fast_GWAS_pathfile.txt 
--grm-sparse /home/hpcwan1/rds/hpc-work/project/gwas_fg/data/genetics_data/Neuroimaging_samples/sp_grm 
--pheno /home/hpcwan1/rds/hpc-work/project/gwas_fg/results/GWAS/region_g1/r_raw_UKB_forGWAS.txt 
--mpheno 42 
--qcovar /home/hpcwan1/rds/hpc-work/project/gwas_fg/data/genetics_data/WMqcovar.txt 
--covar /home/hpcwan1/rds/hpc-work/project/gwas_fg/data/genetics_data/WMcovardiscrete.txt 
--threads 20 
--out /home/hpcwan1/rds/hpc-work/project/gwas_fg/results/GWAS/region_g1/node_41/r_raw_UKB_GWAS_auto_node41 

The program will be running with up to 20 threads.
Reading PLINK sample file from [/home/hpcwan1/rds/hpc-work/project/gwas_fg/data/genetics_data/Neuroimaging_samples/ukbchr_v2_r2correct_v2_1.fam]...
31797 individuals to be included from the sample file.
Checking other sample files...
  All the files checked are OK.
Reading phenotype data from [/home/hpcwan1/rds/hpc-work/project/gwas_fg/results/GWAS/region_g1/r_raw_UKB_forGWAS.txt]...
19564 overlapping individuals with non-missing data to be included from the phenotype file.
19564 individuals to be included. 9768 males, 9796 females, 0 unknown.
Reading PLINK BIM file from [/home/hpcwan1/rds/hpc-work/project/gwas_fg/data/genetics_data/Neuroimaging_samples/ukbchr_v2_r2correct_v2_1.bim]...
1263308 SNPs to be included from BIM file(s).
Reading PLINK BIM file from [/home/hpcwan1/rds/hpc-work/project/gwas_fg/data/genetics_data/Neuroimaging_samples/ukbchr_v2_r2correct_v2_2.bim]...
2620714 SNPs to be included from BIM file(s).
Reading PLINK BIM file from [/home/hpcwan1/rds/hpc-work/project/gwas_fg/data/genetics_data/Neuroimaging_samples/ukbchr_v2_r2correct_v2_3.bim]...
3755293 SNPs to be included from BIM file(s).
Reading PLINK BIM file from [/home/hpcwan1/rds/hpc-work/project/gwas_fg/data/genetics_data/Neuroimaging_samples/ukbchr_v2_r2correct_v2_4.bim]...
4912427 SNPs to be included from BIM file(s).
Reading PLINK BIM file from [/home/hpcwan1/rds/hpc-work/project/gwas_fg/data/genetics_data/Neuroimaging_samples/ukbchr_v2_r2correct_v2_5.bim]...
5944879 SNPs to be included from BIM file(s).
Reading PLINK BIM file from [/home/hpcwan1/rds/hpc-work/project/gwas_fg/data/genetics_data/Neuroimaging_samples/ukbchr_v2_r2correct_v2_6.bim]...
6994439 SNPs to be included from BIM file(s).
Reading PLINK BIM file from [/home/hpcwan1/rds/hpc-work/project/gwas_fg/data/genetics_data/Neuroimaging_samples/ukbchr_v2_r2correct_v2_7.bim]...
7933805 SNPs to be included from BIM file(s).
Reading PLINK BIM file from [/home/hpcwan1/rds/hpc-work/project/gwas_fg/data/genetics_data/Neuroimaging_samples/ukbchr_v2_r2correct_v2_8.bim]...
8819258 SNPs to be included from BIM file(s).
Reading PLINK BIM file from [/home/hpcwan1/rds/hpc-work/project/gwas_fg/data/genetics_data/Neuroimaging_samples/ukbchr_v2_r2correct_v2_9.bim]...
9511308 SNPs to be included from BIM file(s).
Reading PLINK BIM file from [/home/hpcwan1/rds/hpc-work/project/gwas_fg/data/genetics_data/Neuroimaging_samples/ukbchr_v2_r2correct_v2_10.bim]...
10318751 SNPs to be included from BIM file(s).
Reading PLINK BIM file from [/home/hpcwan1/rds/hpc-work/project/gwas_fg/data/genetics_data/Neuroimaging_samples/ukbchr_v2_r2correct_v2_11.bim]...
slurmstepd: error: *** JOB 36908088 ON cpu-p-322 CANCELLED AT 2023-12-08T19:42:30 DUE TO TIME LIMIT ***
